The system is: Windows - 10.0.18362 - AMD64
Compiling the C compiler identification source file "CMakeCCompilerId.c" succeeded.
Compiler: D:/Softwares/Microsoft Visual Studio/2019/Community/VC/Tools/MSVC/14.25.28610/bin/HostX64/x64/cl.exe 
Build flags: 
Id flags:  

The output was:
0
Microsoft (R) C/C++ Optimizing Compiler Version 19.25.28612 for x64
Copyright (C) Microsoft Corporation.  All rights reserved.

CMakeCCompilerId.c
Microsoft (R) Incremental Linker Version 14.25.28612.0
Copyright (C) Microsoft Corporation.  All rights reserved.

/out:CMakeCCompilerId.exe 
CMakeCCompilerId.obj 


Compilation of the C compiler identification source "CMakeCCompilerId.c" produced "CMakeCCompilerId.exe"

Compilation of the C compiler identification source "CMakeCCompilerId.c" produced "CMakeCCompilerId.obj"

The C compiler identification is MSVC, found in "C:/Users/arhyr/Desktop/c++/CppND-System-Monitor/out/build/x64-Debug/CMakeFiles/3.16.19112601-MSVC_2/CompilerIdC/CMakeCCompilerId.exe"

Compiling the CXX compiler identification source file "CMakeCXXCompilerId.cpp" succeeded.
Compiler: D:/Softwares/Microsoft Visual Studio/2019/Community/VC/Tools/MSVC/14.25.28610/bin/HostX64/x64/cl.exe 
Build flags: 
Id flags:  

The output was:
0
Microsoft (R) C/C++ Optimizing Compiler Version 19.25.28612 for x64
Copyright (C) Microsoft Corporation.  All rights reserved.

CMakeCXXCompilerId.cpp
Microsoft (R) Incremental Linker Version 14.25.28612.0
Copyright (C) Microsoft Corporation.  All rights reserved.

/out:CMakeCXXCompilerId.exe 
CMakeCXXCompilerId.obj 


Compilation of the CXX compiler identification source "CMakeCXXCompilerId.cpp" produced "CMakeCXXCompilerId.exe"

Compilation of the CXX compiler identification source "CMakeCXXCompilerId.cpp" produced "CMakeCXXCompilerId.obj"

The CXX compiler identification is MSVC, found in "C:/Users/arhyr/Desktop/c++/CppND-System-Monitor/out/build/x64-Debug/CMakeFiles/3.16.19112601-MSVC_2/CompilerIdCXX/CMakeCXXCompilerId.exe"

Determining if the C compiler works passed with the following output:
Change Dir: C:/Users/arhyr/Desktop/c++/CppND-System-Monitor/out/build/x64-Debug/CMakeFiles/CMakeTmp

Run Build Command(s):D:/Softwares/Microsoft Visual Studio/2019/Community/Common7/IDE/CommonExtensions/Microsoft/CMake/Ninja/ninja.exe cmTC_accd3 && [1/2] Building C object CMakeFiles\cmTC_accd3.dir\testCCompiler.c.obj
[2/2] Linking C executable cmTC_accd3.exe



Detecting C compiler ABI info compiled with the following output:
Change Dir: C:/Users/arhyr/Desktop/c++/CppND-System-Monitor/out/build/x64-Debug/CMakeFiles/CMakeTmp

Run Build Command(s):D:/Softwares/Microsoft Visual Studio/2019/Community/Common7/IDE/CommonExtensions/Microsoft/CMake/Ninja/ninja.exe cmTC_541e5 && [1/2] Building C object CMakeFiles\cmTC_541e5.dir\CMakeCCompilerABI.c.obj
[2/2] Linking C executable cmTC_541e5.exe



Determining if the CXX compiler works passed with the following output:
Change Dir: C:/Users/arhyr/Desktop/c++/CppND-System-Monitor/out/build/x64-Debug/CMakeFiles/CMakeTmp

Run Build Command(s):D:/Softwares/Microsoft Visual Studio/2019/Community/Common7/IDE/CommonExtensions/Microsoft/CMake/Ninja/ninja.exe cmTC_81bde && [1/2] Building CXX object CMakeFiles\cmTC_81bde.dir\testCXXCompiler.cxx.obj
[2/2] Linking CXX executable cmTC_81bde.exe



Detecting CXX compiler ABI info compiled with the following output:
Change Dir: C:/Users/arhyr/Desktop/c++/CppND-System-Monitor/out/build/x64-Debug/CMakeFiles/CMakeTmp

Run Build Command(s):D:/Softwares/Microsoft Visual Studio/2019/Community/Common7/IDE/CommonExtensions/Microsoft/CMake/Ninja/ninja.exe cmTC_76fde && [1/2] Building CXX object CMakeFiles\cmTC_76fde.dir\CMakeCXXCompilerABI.cpp.obj
[2/2] Linking CXX executable cmTC_76fde.exe



